<?xml version="1.0" encoding="UTF-8"?>
<!-- Generated by org.testng.reporters.JUnitReportReporter -->
<testsuite skipped="0" hostname="MN10LT5TYMGC2" name="FrameworkFullGroupID.FrameworkFullArtifactID.ValidateNavBar" tests="1" failures="0" timestamp="23 Mar 2019 00:39:31 GMT" time="0.059" errors="0">
  <testcase name="validateNav" time="0.059" classname="FrameworkFullGroupID.FrameworkFullArtifactID.ValidateNavBar"/>
</testsuite> <!-- FrameworkFullGroupID.FrameworkFullArtifactID.ValidateNavBar -->
