<?xml version="1.0" encoding="UTF-8"?>
<!-- Generated by org.testng.reporters.JUnitReportReporter -->
<testsuite skipped="0" hostname="MN10LT5TYMGC2" name="FrameworkFullGroupID.FrameworkFullArtifactID.ValidateTitle" tests="1" failures="0" timestamp="22 Mar 2019 23:36:00 GMT" time="0.111" errors="0">
  <testcase name="validate" time="0.111" classname="FrameworkFullGroupID.FrameworkFullArtifactID.ValidateTitle"/>
</testsuite> <!-- FrameworkFullGroupID.FrameworkFullArtifactID.ValidateTitle -->
