<?xml version="1.0" encoding="UTF-8"?>
<!-- Generated by org.testng.reporters.JUnitReportReporter -->
<testsuite skipped="0" hostname="MN10LT5TYMGC2" name="FrameworkFullGroupID.FrameworkFullArtifactID.LoginTest" tests="2" failures="0" timestamp="22 Mar 2019 23:36:00 GMT" time="23.644" errors="0">
  <testcase name="login" time="9.919" classname="FrameworkFullGroupID.FrameworkFullArtifactID.LoginTest"/>
  <testcase name="login" time="13.725" classname="FrameworkFullGroupID.FrameworkFullArtifactID.LoginTest"/>
</testsuite> <!-- FrameworkFullGroupID.FrameworkFullArtifactID.LoginTest -->
